<?xml version="1.0" encoding="UTF-8"?>
<testng-results ignored="0" total="2" passed="1" failed="1" skipped="0">
  <reporter-output>
  </reporter-output>
  <suite started-at="2026-03-28T12:50:05 IST" name="OrangeHRM Suite" finished-at="2026-03-28T12:51:17 IST" duration-ms="72376">
    <groups>
      <group name="cucumber">
        <method signature="AbstractTestNGCucumberTests.runScenario(io.cucumber.testng.PickleWrapper,io.cucumber.testng.FeatureWrapper)[pri:0, instance:com.orangeHRMcucumber.Runner.Runner@bccb269]" name="runScenario" class="io.cucumber.testng.AbstractTestNGCucumberTests"/>
      </group> <!-- cucumber -->
    </groups>
    <test started-at="2026-03-28T12:50:05 IST" name="Cucumber-Tests" finished-at="2026-03-28T12:51:17 IST" duration-ms="72376">
      <class name="com.orangeHRMcucumber.Runner.Runner">
        <test-method is-config="true" signature="setUpClass(org.testng.ITestContext)[pri:0, instance:com.orangeHRMcucumber.Runner.Runner@bccb269]" started-at="2026-03-28T12:50:05 IST" name="setUpClass" finished-at="2026-03-28T12:50:06 IST" duration-ms="1182" status="PASS">
          <params>
            <param index="0">
              <value>
                <![CDATA[org.testng.TestRunner@741a8937]]>
              </value>
            </param>
          </params>
          <reporter-output>
          </reporter-output>
        </test-method> <!-- setUpClass -->
        <test-method signature="runScenario(io.cucumber.testng.PickleWrapper,io.cucumber.testng.FeatureWrapper)[pri:0, instance:com.orangeHRMcucumber.Runner.Runner@bccb269]" started-at="2026-03-28T12:50:06 IST" name="runScenario" description="Runs Cucumber Scenarios" data-provider="scenarios" finished-at="2026-03-28T12:51:17 IST" duration-ms="71005" status="FAIL">
          <params>
            <param index="0">
              <value>
                <![CDATA["Successfully add a new system user"]]>
              </value>
            </param>
            <param index="1">
              <value>
                <![CDATA["Admin functionality"]]>
              </value>
            </param>
          </params>
          <exception class="java.lang.RuntimeException">
            <message>
              <![CDATA[Expected condition failed: waiting for element to be clickable, but the element was not found: org.openqa.selenium.NoSuchElementException: no such element: Unable to locate element: {"method":"xpath","selector":"//button[normalize-space()='Add']"}.
(tried for 40 seconds with 500 milliseconds interval)
Build info: version: '4.40.0', revision: 'b3333f1'
System info: os.name: 'Windows 11', os.arch: 'amd64', os.version: '10.0', java.version: '21.0.10'
Driver info: org.openqa.selenium.chrome.ChromeDriver
Capabilities {acceptInsecureCerts: false, browserName: chrome, browserVersion: 146.0.7680.165, chrome: {chromedriverVersion: 146.0.7680.165 (4b989da09e1..., userDataDir: C:\Users\shubham\AppData\Lo...}, fedcm:accounts: true, goog:chromeOptions: {debuggerAddress: localhost:64093}, goog:processID: 8884, networkConnectionEnabled: false, pageLoadStrategy: normal, platformName: windows, proxy: Proxy(), se:cdp: ws://localhost:64093/devtoo..., se:cdpVersion: 146.0.7680.165, setWindowRect: true, strictFileInteractability: false, timeouts: {implicit: 0, pageLoad: 300000, script: 30000}, unhandledPromptBehavior: dismiss and notify, webauthn:extension:credBlob: true, webauthn:extension:largeBlob: true, webauthn:extension:minPinLength: true, webauthn:extension:prf: true, webauthn:virtualAuthenticators: true}
Session ID: 9a3780fefba4c38da2dabe03b2bce2c1]]>
            </message>
            <full-stacktrace>
              <![CDATA[java.lang.RuntimeException: Expected condition failed: waiting for element to be clickable, but the element was not found: org.openqa.selenium.NoSuchElementException: no such element: Unable to locate element: {"method":"xpath","selector":"//button[normalize-space()='Add']"}.
(tried for 40 seconds with 500 milliseconds interval)
Build info: version: '4.40.0', revision: 'b3333f1'
System info: os.name: 'Windows 11', os.arch: 'amd64', os.version: '10.0', java.version: '21.0.10'
Driver info: org.openqa.selenium.chrome.ChromeDriver
Capabilities {acceptInsecureCerts: false, browserName: chrome, browserVersion: 146.0.7680.165, chrome: {chromedriverVersion: 146.0.7680.165 (4b989da09e1..., userDataDir: C:\Users\shubham\AppData\Lo...}, fedcm:accounts: true, goog:chromeOptions: {debuggerAddress: localhost:64093}, goog:processID: 8884, networkConnectionEnabled: false, pageLoadStrategy: normal, platformName: windows, proxy: Proxy(), se:cdp: ws://localhost:64093/devtoo..., se:cdpVersion: 146.0.7680.165, setWindowRect: true, strictFileInteractability: false, timeouts: {implicit: 0, pageLoad: 300000, script: 30000}, unhandledPromptBehavior: dismiss and notify, webauthn:extension:credBlob: true, webauthn:extension:largeBlob: true, webauthn:extension:minPinLength: true, webauthn:extension:prf: true, webauthn:virtualAuthenticators: true}
Session ID: 9a3780fefba4c38da2dabe03b2bce2c1
at com.orangeHRMcucumber.utils.Commonactions.elmclick(Commonactions.java:49)
at com.orangeHRMcucumber.pages.Adminpage.clickAddbutton(Adminpage.java:122)
at com.orangeHRMcucumber.Stepdefinition.AdminSteps.user_adds_the_following_system_users(AdminSteps.java:56)
at ✽.user adds the following system users(file:///C:/Users/shubham/eclipse-workspace/com.orangeHRMcucumber/src/test/resources/Feature/admin.feature:13)
]]>
            </full-stacktrace>
          </exception> <!-- java.lang.RuntimeException -->
          <reporter-output>
          </reporter-output>
        </test-method> <!-- runScenario -->
        <test-method signature="runScenario(io.cucumber.testng.PickleWrapper,io.cucumber.testng.FeatureWrapper)[pri:0, instance:com.orangeHRMcucumber.Runner.Runner@bccb269]" started-at="2026-03-28T12:50:06 IST" name="runScenario" description="Runs Cucumber Scenarios" data-provider="scenarios" finished-at="2026-03-28T12:50:38 IST" duration-ms="31425" status="PASS">
          <params>
            <param index="0">
              <value>
                <![CDATA["User create new job"]]>
              </value>
            </param>
            <param index="1">
              <value>
                <![CDATA["Admin functionality"]]>
              </value>
            </param>
          </params>
          <reporter-output>
          </reporter-output>
        </test-method> <!-- runScenario -->
        <test-method is-config="true" signature="tearDownClass()[pri:0, instance:com.orangeHRMcucumber.Runner.Runner@bccb269]" started-at="2026-03-28T12:51:17 IST" name="tearDownClass" finished-at="2026-03-28T12:51:17 IST" duration-ms="101" status="PASS">
          <reporter-output>
          </reporter-output>
        </test-method> <!-- tearDownClass -->
      </class> <!-- com.orangeHRMcucumber.Runner.Runner -->
    </test> <!-- Cucumber-Tests -->
  </suite> <!-- OrangeHRM Suite -->
</testng-results>
