<?xml version="1.0" encoding="UTF-8"?>
<!-- Generated by org.testng.reporters.JUnitReportReporter -->
<testsuite hostname="LAPTOP-9MAOOE4D" failures="0" tests="2" name="com.orangeHRMcucumber.Runner.Runner" time="102.430" errors="1" timestamp="2026-03-28T12:51:18 IST" skipped="0">
  <testcase classname="com.orangeHRMcucumber.Runner.Runner" name="runScenario" time="31.425"/>
  <testcase classname="com.orangeHRMcucumber.Runner.Runner" name="runScenario" time="71.005">
    <error message="Expected condition failed: waiting for element to be clickable, but the element was not found: org.openqa.selenium.NoSuchElementException: no such element: Unable to locate element: {&quot;method&quot;:&quot;xpath&quot;,&quot;selector&quot;:&quot;//button[normalize-space()=&#039;Add&#039;]&quot;}.
(tried for 40 seconds with 500 milliseconds interval)
Build info: version: &#039;4.40.0&#039;, revision: &#039;b3333f1&#039;
System info: os.name: &#039;Windows 11&#039;, os.arch: &#039;amd64&#039;, os.version: &#039;10.0&#039;, java.version: &#039;21.0.10&#039;
Driver info: org.openqa.selenium.chrome.ChromeDriver
Capabilities {acceptInsecureCerts: false, browserName: chrome, browserVersion: 146.0.7680.165, chrome: {chromedriverVersion: 146.0.7680.165 (4b989da09e1..., userDataDir: C:\Users\shubham\AppData\Lo...}, fedcm:accounts: true, goog:chromeOptions: {debuggerAddress: localhost:64093}, goog:processID: 8884, networkConnectionEnabled: false, pageLoadStrategy: normal, platformName: windows, proxy: Proxy(), se:cdp: ws://localhost:64093/devtoo..., se:cdpVersion: 146.0.7680.165, setWindowRect: true, strictFileInteractability: false, timeouts: {implicit: 0, pageLoad: 300000, script: 30000}, unhandledPromptBehavior: dismiss and notify, webauthn:extension:credBlob: true, webauthn:extension:largeBlob: true, webauthn:extension:minPinLength: true, webauthn:extension:prf: true, webauthn:virtualAuthenticators: true}
Session ID: 9a3780fefba4c38da2dabe03b2bce2c1" type="java.lang.RuntimeException">
      <![CDATA[java.lang.RuntimeException: Expected condition failed: waiting for element to be clickable, but the element was not found: org.openqa.selenium.NoSuchElementException: no such element: Unable to locate element: {"method":"xpath","selector":"//button[normalize-space()='Add']"}.
(tried for 40 seconds with 500 milliseconds interval)
Build info: version: '4.40.0', revision: 'b3333f1'
System info: os.name: 'Windows 11', os.arch: 'amd64', os.version: '10.0', java.version: '21.0.10'
Driver info: org.openqa.selenium.chrome.ChromeDriver
Capabilities {acceptInsecureCerts: false, browserName: chrome, browserVersion: 146.0.7680.165, chrome: {chromedriverVersion: 146.0.7680.165 (4b989da09e1..., userDataDir: C:\Users\shubham\AppData\Lo...}, fedcm:accounts: true, goog:chromeOptions: {debuggerAddress: localhost:64093}, goog:processID: 8884, networkConnectionEnabled: false, pageLoadStrategy: normal, platformName: windows, proxy: Proxy(), se:cdp: ws://localhost:64093/devtoo..., se:cdpVersion: 146.0.7680.165, setWindowRect: true, strictFileInteractability: false, timeouts: {implicit: 0, pageLoad: 300000, script: 30000}, unhandledPromptBehavior: dismiss and notify, webauthn:extension:credBlob: true, webauthn:extension:largeBlob: true, webauthn:extension:minPinLength: true, webauthn:extension:prf: true, webauthn:virtualAuthenticators: true}
Session ID: 9a3780fefba4c38da2dabe03b2bce2c1
at com.orangeHRMcucumber.utils.Commonactions.elmclick(Commonactions.java:49)
at com.orangeHRMcucumber.pages.Adminpage.clickAddbutton(Adminpage.java:122)
at com.orangeHRMcucumber.Stepdefinition.AdminSteps.user_adds_the_following_system_users(AdminSteps.java:56)
at ✽.user adds the following system users(file:///C:/Users/shubham/eclipse-workspace/com.orangeHRMcucumber/src/test/resources/Feature/admin.feature:13)
]]>
    </error>
  </testcase> <!-- runScenario -->
</testsuite> <!-- com.orangeHRMcucumber.Runner.Runner -->
